
ROM used: 2040 (25%)
          2040 (25%) including unused fragments

          3 Average locations per line
          11 Average locations per statement

RAM used: 17 (5%) at main() level
          31 (8%) worst case

Stack used: 3 worst case (out of 8 total available)

Lines Stmts  %   Files
----- ----- ---  -----
  188   102  55  Teclado_LCD.c
   18     0   0  Teclado_LCD.h
  244     0   0  C:\Program Files (x86)\PICC\devices\16F876.h
  168    63  34  LCD.C
   85    20  11  Teclado2.c
----- -----
  703   185 Total

Page ROM  %  RAM   Vol Diff  Functions:
---- --- --- ---   --- ----  ----------
0     21   1   1             @delay_ms1
0      8   0   0             @const56
 Inline        3   463  4.3  lcd_read_byte
0     12   1   1   134  2.2  lcd_send_nibble
0     58   3   3   317  4.3  lcd_send_byte
0     44   2   2   422  4.7  lcd_init
 Inline        4   186  5.5  lcd_gotoxy
0     53   3   1   272  4.1  lcd_putc
0     20   1   0             @const84
0     79   4   4  1007  6.9  GETTECLA
0   1076  53   4  3702  8.3  MAIN
0     24   1   0             @const95
0     17   1   0  3702  8.3  @const96
0     29   1   2             @ITOF
0    117   6  13             @MULFF
0    202  10  14             @DIVFF
0     63   3  10             @FLT
0     19   1   0             @const108
0     17   1   0             @const109
0     21   1   0             @const110
0     17   1   0             @const113
0     20   1   0             @const116
0     22   1   0             @const119
0     22   1   0             @const122
0     23   1   0             @const125
0     20   1   0             @const128
0     19   1   0             @const131
0     13   1   0             @goto10345

Program metrics:
    Functions               9
    Statements              185
    Comments                202
    Volume (V)              13880
    Difficilty (D)          47.7
    Effort to implement (E) 661902
    Time to implement (T)   10 hours, 13 minutes
    Est Delivered Bugs (B)  3
    Cyclomatic Complexity   49
    Maintainability (MI)    126

 Segment     Used  Free
-----------  ----  ----
00000-00003     4  0  
00004-007FF  2036  8  
00800-00FFF     0  2048  
01000-017FF     0  2048  
01800-01FFF     0  2048  



THE FOLLOWING IS TEMPORARY FOR DIAGNOSTIC USE ONLY:

    n1    n2    N1    N2   v(G)
     0     1     0     0     0    @delay_ms1
     0     1     0     0     0    @const56
     9    41    43    39     0    lcd_read_byte
     5    17    15    15     0    lcd_send_nibble
     9    30    31    29     0    lcd_send_byte
    10    37    41    35     2    lcd_init
    11    19    19    19     1    lcd_gotoxy
     9    22    35    20     4    lcd_putc
     0     1     0     0     0    @const84
    14    69    90    68     6    GETTECLA
    17   205   274   201    18    MAIN
     0     1     0     0     0    @const95
    17   205   274   201    18    @const96
     0     1     0     0     0    @ITOF
     0     1     0     0     0    @MULFF
     0     1     0     0     0    @DIVFF
     0     1     0     0     0    @FLT
     0     1     0     0     0    @const108
     0     1     0     0     0    @const109
     0     1     0     0     0    @const110
     0     1     0     0     0    @const113
     0     1     0     0     0    @const116
     0     1     0     0     0    @const119
     0     1     0     0     0    @const122
     0     1     0     0     0    @const125
     0     1     0     0     0    @const128
     0     1     0     0     0    @const131
     0     1     0     0     0    @goto10345
