
ROM used: 1268 (15%)
          1268 (15%) including unused fragments

          2 Average locations per line
          8 Average locations per statement

RAM used: 30 (8%) at main() level
          44 (12%) worst case

Stack used: 5 worst case (out of 7 total available)

Lines Stmts  %   Files
----- ----- ---  -----
  157    54  34  EXPRENDEDORA.c
   18     0   0  EXPRENDEDORA.h
  244     0   0  ..\..\..\..\..\Archivos de programa\PICC\devices\16F876.h
  168    63  40  LCD.C
  146    40  25  KBD.C
----- -----
  733   157 Total

Page ROM  %  RAM   Vol Diff  Functions:
---- --- --- ---   --- ----  ----------
0     21   2   1             @delay_ms1
0      8   1   0             @const56
 Inline        3   463  4.3  lcd_read_byte
0     12   1   1   134  2.2  lcd_send_nibble
0     58   5   3   317  4.3  lcd_send_byte
0     42   3   2   422  4.7  lcd_init
0     18   1   4   186  5.5  lcd_gotoxy
0     37   3   1   272  4.1  lcd_putc
0     16   1   0             @const83
0      3   0   0     3  0.0  kbd_init
0    102   8   3  4552 10.2  kbd_getc
0     39   3   2             @MUL88
0      4   0   0    14  0.8  EXT_isr
0    358  28  10  1865  4.8  MAIN
0     31   2   2             @ITOF
0    119   9  13             @MULFF
0    204  16  14             @DIVFF
0     22   2   0             @const113
0     11   1   0             @const114
0     18   1   0             @const115
0     11   1   0             @const116
0     16   1   0             @const117
0     14   1   0             @const118
0     12   1   0             @const119
0     14   1   0             @const120
0     14   1   0             @const121
0     13   1   0             @const122

Program metrics:
    Functions               10
    Statements              157
    Comments                202
    Volume (V)              11021
    Difficilty (D)          41.6
    Effort to implement (E) 458340
    Time to implement (T)   7 hours, 4 minutes
    Est Delivered Bugs (B)  2
    Cyclomatic Complexity   19
    Maintainability (MI)    121

 Segment     Used  Free
-----------  ----  ----
00000-00003     4  0  
00004-00032    47  0  
00033-007FF  1217  780  
00800-00FFF     0  2048  
01000-017FF     0  2048  
01800-01FFF     0  2048  



THE FOLLOWING IS TEMPORARY FOR DIAGNOSTIC USE ONLY:

    n1    n2    N1    N2   v(G)
     0     1     0     0     0    @delay_ms1
     0     1     0     0     0    @const56
     9    41    43    39     0    lcd_read_byte
     5    17    15    15     0    lcd_send_nibble
     9    30    31    29     0    lcd_send_byte
    10    37    41    35     2    lcd_init
    11    19    19    19     1    lcd_gotoxy
     9    22    35    20     4    lcd_putc
     0     1     0     0     0    @const83
     2     1     2     0     0    kbd_init
    20   217   356   221    12    kbd_getc
     0     1     0     0     0    @MUL88
     3     4     3     2     0    EXT_isr
    10   124   144   120     0    MAIN
     0     1     0     0     0    @ITOF
     0     1     0     0     0    @MULFF
     0     1     0     0     0    @DIVFF
     0     1     0     0     0    @const113
     0     1     0     0     0    @const114
     0     1     0     0     0    @const115
     0     1     0     0     0    @const116
     0     1     0     0     0    @const117
     0     1     0     0     0    @const118
     0     1     0     0     0    @const119
     0     1     0     0     0    @const120
     0     1     0     0     0    @const121
     0     1     0     0     0    @const122
